<?xml version="1.0" encoding="UTF-8"?>
<!-- Generated by org.testng.reporters.JUnitReportReporter -->
<testsuite hostname="Sushant.local" name="luckystars.TC0009_signin_leftmenu_myhistory" tests="2" failures="0" timestamp="3 Dec 2016 11:05:38 GMT" time="63.294" errors="0">
  <testcase name="Signin_success" time="52.924" classname="luckystars.TC0009_signin_leftmenu_myhistory"/>
  <testcase name="signin_leftmenu_myhistory" time="10.370" classname="luckystars.TC0009_signin_leftmenu_myhistory"/>
</testsuite> <!-- luckystars.TC0009_signin_leftmenu_myhistory -->
