<?xml version="1.0" encoding="UTF-8"?>
<!-- Generated by org.testng.reporters.JUnitReportReporter -->
<testsuite hostname="Sushant.local" name="luckystars.TC0005_signin_profile_mobileno_emailid" tests="2" failures="0" timestamp="3 Dec 2016 11:05:38 GMT" time="68.843" errors="0">
  <testcase name="signin_profile_mobileno_emailid" time="18.446" classname="luckystars.TC0005_signin_profile_mobileno_emailid"/>
  <testcase name="Signin_success" time="50.397" classname="luckystars.TC0005_signin_profile_mobileno_emailid"/>
</testsuite> <!-- luckystars.TC0005_signin_profile_mobileno_emailid -->
