<?xml version="1.0" encoding="UTF-8"?>
<!-- Generated by org.testng.reporters.JUnitReportReporter -->
<testsuite hostname="Sushant.local" name="luckystars.TC0008_signin_profile_pincode" tests="2" failures="0" timestamp="3 Dec 2016 11:05:38 GMT" time="93.409" errors="0">
  <testcase name="signin_profile_pincode" time="31.394" classname="luckystars.TC0008_signin_profile_pincode"/>
  <testcase name="Signin_success" time="62.015" classname="luckystars.TC0008_signin_profile_pincode"/>
</testsuite> <!-- luckystars.TC0008_signin_profile_pincode -->
