<?xml version="1.0" encoding="UTF-8"?>
<!-- Generated by org.testng.reporters.JUnitReportReporter -->
<testsuite hostname="Sushant.local" name="luckystars.TC0004_signin_profile_lastname_edit" tests="2" failures="0" timestamp="3 Dec 2016 11:05:38 GMT" time="73.611" errors="0">
  <testcase name="signin_profile_lasttname_edit" time="23.473" classname="luckystars.TC0004_signin_profile_lastname_edit"/>
  <testcase name="Signin_success" time="50.138" classname="luckystars.TC0004_signin_profile_lastname_edit"/>
</testsuite> <!-- luckystars.TC0004_signin_profile_lastname_edit -->
