<?xml version="1.0" encoding="UTF-8"?>
<!-- Generated by org.testng.reporters.JUnitReportReporter -->
<testsuite hostname="Sushant.local" name="luckystars.TC0006_signin_profile_birthdate" tests="2" failures="0" timestamp="3 Dec 2016 11:05:38 GMT" time="89.501" errors="0">
  <testcase name="Signin_success" time="50.381" classname="luckystars.TC0006_signin_profile_birthdate"/>
  <testcase name="signin_profile_birthdate" time="39.120" classname="luckystars.TC0006_signin_profile_birthdate"/>
</testsuite> <!-- luckystars.TC0006_signin_profile_birthdate -->
