<?xml version="1.0" encoding="UTF-8"?>
<!-- Generated by org.testng.reporters.JUnitReportReporter -->
<testsuite hostname="Sushant.local" name="luckystars.TC0003_signin_profile_firstname_edit" tests="2" failures="0" timestamp="3 Dec 2016 11:05:38 GMT" time="73.949" errors="0">
  <testcase name="signin_profile_firstname_edit" time="23.895" classname="luckystars.TC0003_signin_profile_firstname_edit"/>
  <testcase name="Signin_success" time="50.054" classname="luckystars.TC0003_signin_profile_firstname_edit"/>
</testsuite> <!-- luckystars.TC0003_signin_profile_firstname_edit -->
