<?xml version="1.0" encoding="UTF-8"?>
<!-- Generated by org.testng.reporters.JUnitReportReporter -->
<testsuite skipped="0" hostname="Krishna.local" name="App_modules.ExcelTest" tests="1" failures="0" timestamp="17 Jan 2017 12:30:03 GMT" time="0.000" errors="1">
  <testcase name="exceldata" time="0.000" classname="App_modules.ExcelTest">
    <error type="java.lang.StackOverflowError">
      <![CDATA[java.lang.StackOverflowError
	at Automation_Framework.Locators.<init>(Locators.java:3)
	at Automation_Framework.ExcelTest.<init>(ExcelTest.java:26)
	at App_modules.MD04_Draw_Flow.<init>(MD04_Draw_Flow.java:26)
	at Automation_Framework.ExcelTest.<init>(ExcelTest.java:27)
	at App_modules.MD04_Draw_Flow.<init>(MD04_Draw_Flow.java:26)
	at Automation_Framework.ExcelTest.<init>(ExcelTest.java:27)
	at App_modules.MD04_Draw_Flow.<init>(MD04_Draw_Flow.java:26)
	at Automation_Framework.ExcelTest.<init>(ExcelTest.java:27)
	at App_modules.MD04_Draw_Flow.<init>(MD04_Draw_Flow.java:26)
	at Automation_Framework.ExcelTest.<init>(ExcelTest.java:27)
	at App_modules.MD04_Draw_Flow.<init>(MD04_Draw_Flow.java:26)
	at Automation_Framework.ExcelTest.<init>(ExcelTest.java:27)
	at App_modules.MD04_Draw_Flow.<init>(MD04_Draw_Flow.java:26)
	at Automation_Framework.ExcelTest.<init>(ExcelTest.java:27)
	at App_modules.MD04_Draw_Flow.<init>(MD04_Draw_Flow.java:26)
	at Automation_Framework.ExcelTest.<init>(ExcelTest.java:27)
	at App_modules.MD04_Draw_Flow.<init>(MD04_Draw_Flow.java:26)
	at Automation_Framework.ExcelTest.<init>(ExcelTest.java:27)
	at App_modules.MD04_Draw_Flow.<init>(MD04_Draw_Flow.java:26)
	at Automation_Framework.ExcelTest.<init>(ExcelTest.java:27)
	at App_modules.MD04_Draw_Flow.<init>(MD04_Draw_Flow.java:26)
	at Automation_Framework.ExcelTest.<init>(ExcelTest.java:27)
	at App_modules.MD04_Draw_Flow.<init>(MD04_Draw_Flow.java:26)
	at Automation_Framework.ExcelTest.<init>(ExcelTest.java:27)
	at App_modules.MD04_Draw_Flow.<init>(MD04_Draw_Flow.java:26)
	at Automation_Framework.ExcelTest.<init>(ExcelTest.java:27)
	at App_modules.MD04_Draw_Flow.<init>(MD04_Draw_Flow.java:26)
	at Automation_Framework.ExcelTest.<init>(ExcelTest.java:27)
	at App_modules.MD04_Draw_Flow.<init>(MD04_Draw_Flow.java:26)
	at Automation_Framework.ExcelTest.<init>(ExcelTest.java:27)
	at App_modules.MD04_Draw_Flow.<init>(MD04_Draw_Flow.java:26)
	at Automation_Framework.ExcelTest.<init>(ExcelTest.java:27)
	at App_modules.MD04_Draw_Flow.<init>(MD04_Draw_Flow.java:26)
	at Automation_Framework.ExcelTest.<init>(ExcelTest.java:27)
	at App_modules.MD04_Draw_Flow.<init>(MD04_Draw_Flow.java:26)
	at Automation_Framework.ExcelTest.<init>(ExcelTest.java:27)
	at App_modules.MD04_Draw_Flow.<init>(MD04_Draw_Flow.java:26)
	at Automation_Framework.ExcelTest.<init>(ExcelTest.java:27)
	at App_modules.MD04_Draw_Flow.<init>(MD04_Draw_Flow.java:26)
	at Automation_Framework.ExcelTest.<init>(ExcelTest.java:27)
	at App_modules.MD04_Draw_Flow.<init>(MD04_Draw_Flow.java:26)
	at Automation_Framework.ExcelTest.<init>(ExcelTest.java:27)
	at App_modules.MD04_Draw_Flow.<init>(MD04_Draw_Flow.java:26)
	at Automation_Framework.ExcelTest.<init>(ExcelTest.java:27)
	at App_modules.MD04_Draw_Flow.<init>(MD04_Draw_Flow.java:26)
	at Automation_Framework.ExcelTest.<init>(ExcelTest.java:27)
	at App_modules.MD04_Draw_Flow.<init>(MD04_Draw_Flow.java:26)
	at Automation_Framework.ExcelTest.<init>(ExcelTest.java:27)
	at App_modules.MD04_Draw_Flow.<init>(MD04_Draw_Flow.java:26)
	at Automation_Framework.ExcelTest.<init>(ExcelTest.java:27)
	at App_modules.MD04_Draw_Flow.<init>(MD04_Draw_Flow.java:26)
	at Automation_Framework.ExcelTest.<init>(ExcelTest.java:27)
	at App_modules.MD04_Draw_Flow.<init>(MD04_Draw_Flow.java:26)
	at Automation_Framework.ExcelTest.<init>(ExcelTest.java:27)
	at App_modules.MD04_Draw_Flow.<init>(MD04_Draw_Flow.java:26)
	at Automation_Framework.ExcelTest.<init>(ExcelTest.java:27)
	at App_modules.MD04_Draw_Flow.<init>(MD04_Draw_Flow.java:26)
	at Automation_Framework.ExcelTest.<init>(ExcelTest.java:27)
	at App_modules.MD04_Draw_Flow.<init>(MD04_Draw_Flow.java:26)
	at Automation_Framework.ExcelTest.<init>(ExcelTest.java:27)
	at App_modules.MD04_Draw_Flow.<init>(MD04_Draw_Flow.java:26)
	at Automation_Framework.ExcelTest.<init>(ExcelTest.java:27)
	at App_modules.MD04_Draw_Flow.<init>(MD04_Draw_Flow.java:26)
	at Automation_Framework.ExcelTest.<init>(ExcelTest.java:27)
	at App_modules.MD04_Draw_Flow.<init>(MD04_Draw_Flow.java:26)
	at Automation_Framework.ExcelTest.<init>(ExcelTest.java:27)
	at App_modules.MD04_Draw_Flow.<init>(MD04_Draw_Flow.java:26)
	at Automation_Framework.ExcelTest.<init>(ExcelTest.java:27)
	at App_modules.MD04_Draw_Flow.<init>(MD04_Draw_Flow.java:26)
	at Automation_Framework.ExcelTest.<init>(ExcelTest.java:27)
	at App_modules.MD04_Draw_Flow.<init>(MD04_Draw_Flow.java:26)
	at Automation_Framework.ExcelTest.<init>(ExcelTest.java:27)
	at App_modules.MD04_Draw_Flow.<init>(MD04_Draw_Flow.java:26)
	at Automation_Framework.ExcelTest.<init>(ExcelTest.java:27)
	at App_modules.MD04_Draw_Flow.<init>(MD04_Draw_Flow.java:26)
	at Automation_Framework.ExcelTest.<init>(ExcelTest.java:27)
	at App_modules.MD04_Draw_Flow.<init>(MD04_Draw_Flow.java:26)
	at Automation_Framework.ExcelTest.<init>(ExcelTest.java:27)
	at App_modules.MD04_Draw_Flow.<init>(MD04_Draw_Flow.java:26)
	at Automation_Framework.ExcelTest.<init>(ExcelTest.java:27)
	at App_modules.MD04_Draw_Flow.<init>(MD04_Draw_Flow.java:26)
	at Automation_Framework.ExcelTest.<init>(ExcelTest.java:27)
	at App_modules.MD04_Draw_Flow.<init>(MD04_Draw_Flow.java:26)
	at Automation_Framework.ExcelTest.<init>(ExcelTest.java:27)
	at App_modules.MD04_Draw_Flow.<init>(MD04_Draw_Flow.java:26)
	at Automation_Framework.ExcelTest.<init>(ExcelTest.java:27)
	at App_modules.MD04_Draw_Flow.<init>(MD04_Draw_Flow.java:26)
	at Automation_Framework.ExcelTest.<init>(ExcelTest.java:27)
	at App_modules.MD04_Draw_Flow.<init>(MD04_Draw_Flow.java:26)
	at Automation_Framework.ExcelTest.<init>(ExcelTest.java:27)
	at App_modules.MD04_Draw_Flow.<init>(MD04_Draw_Flow.java:26)
	at Automation_Framework.ExcelTest.<init>(ExcelTest.java:27)
	at App_modules.MD04_Draw_Flow.<init>(MD04_Draw_Flow.java:26)
	at Automation_Framework.ExcelTest.<init>(ExcelTest.java:27)
	at App_modules.MD04_Draw_Flow.<init>(MD04_Draw_Flow.java:26)
	at Automation_Framework.ExcelTest.<init>(ExcelTest.java:27)
	at App_modules.MD04_Draw_Flow.<init>(MD04_Draw_Flow.java:26)
	at Automation_Framework.ExcelTest.<init>(ExcelTest.java:27)
	at App_modules.MD04_Draw_Flow.<init>(MD04_Draw_Flow.java:26)
	at Automation_Framework.ExcelTest.<init>(ExcelTest.java:27)
	at App_modules.MD04_Draw_Flow.<init>(MD04_Draw_Flow.java:26)
	at Automation_Framework.ExcelTest.<init>(ExcelTest.java:27)
	at App_modules.MD04_Draw_Flow.<init>(MD04_Draw_Flow.java:26)
	at Automation_Framework.ExcelTest.<init>(ExcelTest.java:27)
	at App_modules.MD04_Draw_Flow.<init>(MD04_Draw_Flow.java:26)
	at Automation_Framework.ExcelTest.<init>(ExcelTest.java:27)
	at App_modules.MD04_Draw_Flow.<init>(MD04_Draw_Flow.java:26)
	at Automation_Framework.ExcelTest.<init>(ExcelTest.java:27)
	at App_modules.MD04_Draw_Flow.<init>(MD04_Draw_Flow.java:26)
	at Automation_Framework.ExcelTest.<init>(ExcelTest.java:27)
	at App_modules.MD04_Draw_Flow.<init>(MD04_Draw_Flow.java:26)
	at Automation_Framework.ExcelTest.<init>(ExcelTest.java:27)
	at App_modules.MD04_Draw_Flow.<init>(MD04_Draw_Flow.java:26)
	at Automation_Framework.ExcelTest.<init>(ExcelTest.java:27)
	at App_modules.MD04_Draw_Flow.<init>(MD04_Draw_Flow.java:26)
	at Automation_Framework.ExcelTest.<init>(ExcelTest.java:27)
	at App_modules.MD04_Draw_Flow.<init>(MD04_Draw_Flow.java:26)
	at Automation_Framework.ExcelTest.<init>(ExcelTest.java:27)
	at App_modules.MD04_Draw_Flow.<init>(MD04_Draw_Flow.java:26)
	at Automation_Framework.ExcelTest.<init>(ExcelTest.java:27)
	at App_modules.MD04_Draw_Flow.<init>(MD04_Draw_Flow.java:26)
	at Automation_Framework.ExcelTest.<init>(ExcelTest.java:27)
	at App_modules.MD04_Draw_Flow.<init>(MD04_Draw_Flow.java:26)
	at Automation_Framework.ExcelTest.<init>(ExcelTest.java:27)
	at App_modules.MD04_Draw_Flow.<init>(MD04_Draw_Flow.java:26)
	at Automation_Framework.ExcelTest.<init>(ExcelTest.java:27)
	at App_modules.MD04_Draw_Flow.<init>(MD04_Draw_Flow.java:26)
	at Automation_Framework.ExcelTest.<init>(ExcelTest.java:27)
	at App_modules.MD04_Draw_Flow.<init>(MD04_Draw_Flow.java:26)
	at Automation_Framework.ExcelTest.<init>(ExcelTest.java:27)
	at App_modules.MD04_Draw_Flow.<init>(MD04_Draw_Flow.java:26)
	at Automation_Framework.ExcelTest.<init>(ExcelTest.java:27)
	at App_modules.MD04_Draw_Flow.<init>(MD04_Draw_Flow.java:26)
	at Automation_Framework.ExcelTest.<init>(ExcelTest.java:27)
	at App_modules.MD04_Draw_Flow.<init>(MD04_Draw_Flow.java:26)
	at Automation_Framework.ExcelTest.<init>(ExcelTest.java:27)
	at App_modules.MD04_Draw_Flow.<init>(MD04_Draw_Flow.java:26)
	at Automation_Framework.ExcelTest.<init>(ExcelTest.java:27)
	at App_modules.MD04_Draw_Flow.<init>(MD04_Draw_Flow.java:26)
	at Automation_Framework.ExcelTest.<init>(ExcelTest.java:27)
	at App_modules.MD04_Draw_Flow.<init>(MD04_Draw_Flow.java:26)
	at Automation_Framework.ExcelTest.<init>(ExcelTest.java:27)
	at App_modules.MD04_Draw_Flow.<init>(MD04_Draw_Flow.java:26)
	at Automation_Framework.ExcelTest.<init>(ExcelTest.java:27)
	at App_modules.MD04_Draw_Flow.<init>(MD04_Draw_Flow.java:26)
	at Automation_Framework.ExcelTest.<init>(ExcelTest.java:27)
	at App_modules.MD04_Draw_Flow.<init>(MD04_Draw_Flow.java:26)
	at Automation_Framework.ExcelTest.<init>(ExcelTest.java:27)
	at App_modules.MD04_Draw_Flow.<init>(MD04_Draw_Flow.java:26)
	at Automation_Framework.ExcelTest.<init>(ExcelTest.java:27)
	at App_modules.MD04_Draw_Flow.<init>(MD04_Draw_Flow.java:26)
	at Automation_Framework.ExcelTest.<init>(ExcelTest.java:27)
	at App_modules.MD04_Draw_Flow.<init>(MD04_Draw_Flow.java:26)
	at Automation_Framework.ExcelTest.<init>(ExcelTest.java:27)
	at App_modules.MD04_Draw_Flow.<init>(MD04_Draw_Flow.java:26)
	at Automation_Framework.ExcelTest.<init>(ExcelTest.java:27)
	at App_modules.MD04_Draw_Flow.<init>(MD04_Draw_Flow.java:26)
	at Automation_Framework.ExcelTest.<init>(ExcelTest.java:27)
	at App_modules.MD04_Draw_Flow.<init>(MD04_Draw_Flow.java:26)
	at Automation_Framework.ExcelTest.<init>(ExcelTest.java:27)
	at App_modules.MD04_Draw_Flow.<init>(MD04_Draw_Flow.java:26)
	at Automation_Framework.ExcelTest.<init>(ExcelTest.java:27)
	at App_modules.MD04_Draw_Flow.<init>(MD04_Draw_Flow.java:26)
	at Automation_Framework.ExcelTest.<init>(ExcelTest.java:27)
	at App_modules.MD04_Draw_Flow.<init>(MD04_Draw_Flow.java:26)
	at Automation_Framework.ExcelTest.<init>(ExcelTest.java:27)
	at App_modules.MD04_Draw_Flow.<init>(MD04_Draw_Flow.java:26)
	at Automation_Framework.ExcelTest.<init>(ExcelTest.java:27)
	at App_modules.MD04_Draw_Flow.<init>(MD04_Draw_Flow.java:26)
	at Automation_Framework.ExcelTest.<init>(ExcelTest.java:27)
	at App_modules.MD04_Draw_Flow.<init>(MD04_Draw_Flow.java:26)
	at Automation_Framework.ExcelTest.<init>(ExcelTest.java:27)
	at App_modules.MD04_Draw_Flow.<init>(MD04_Draw_Flow.java:26)
	at Automation_Framework.ExcelTest.<init>(ExcelTest.java:27)
	at App_modules.MD04_Draw_Flow.<init>(MD04_Draw_Flow.java:26)
	at Automation_Framework.ExcelTest.<init>(ExcelTest.java:27)
	at App_modules.MD04_Draw_Flow.<init>(MD04_Draw_Flow.java:26)
	at Automation_Framework.ExcelTest.<init>(ExcelTest.java:27)
	at App_modules.MD04_Draw_Flow.<init>(MD04_Draw_Flow.java:26)
	at Automation_Framework.ExcelTest.<init>(ExcelTest.java:27)
	at App_modules.MD04_Draw_Flow.<init>(MD04_Draw_Flow.java:26)
	at Automation_Framework.ExcelTest.<init>(ExcelTest.java:27)
	at App_modules.MD04_Draw_Flow.<init>(MD04_Draw_Flow.java:26)
	at Automation_Framework.ExcelTest.<init>(ExcelTest.java:27)
	at App_modules.MD04_Draw_Flow.<init>(MD04_Draw_Flow.java:26)
	at Automation_Framework.ExcelTest.<init>(ExcelTest.java:27)
	at App_modules.MD04_Draw_Flow.<init>(MD04_Draw_Flow.java:26)
	at Automation_Framework.ExcelTest.<init>(ExcelTest.java:27)
	at App_modules.MD04_Draw_Flow.<init>(MD04_Draw_Flow.java:26)
	at Automation_Framework.ExcelTest.<init>(ExcelTest.java:27)
	at App_modules.MD04_Draw_Flow.<init>(MD04_Draw_Flow.java:26)
	at Automation_Framework.ExcelTest.<init>(ExcelTest.java:27)
	at App_modules.MD04_Draw_Flow.<init>(MD04_Draw_Flow.java:26)
	at Automation_Framework.ExcelTest.<init>(ExcelTest.java:27)
	at App_modules.MD04_Draw_Flow.<init>(MD04_Draw_Flow.java:26)
	at Automation_Framework.ExcelTest.<init>(ExcelTest.java:27)
	at App_modules.MD04_Draw_Flow.<init>(MD04_Draw_Flow.java:26)
	at Automation_Framework.ExcelTest.<init>(ExcelTest.java:27)
	at App_modules.MD04_Draw_Flow.<init>(MD04_Draw_Flow.java:26)
	at Automation_Framework.ExcelTest.<init>(ExcelTest.java:27)
	at App_modules.MD04_Draw_Flow.<init>(MD04_Draw_Flow.java:26)
	at Automation_Framework.ExcelTest.<init>(ExcelTest.java:27)
	at App_modules.MD04_Draw_Flow.<init>(MD04_Draw_Flow.java:26)
	at Automation_Framework.ExcelTest.<init>(ExcelTest.java:27)
	at App_modules.MD04_Draw_Flow.<init>(MD04_Draw_Flow.java:26)
	at Automation_Framework.ExcelTest.<init>(ExcelTest.java:27)
	at App_modules.MD04_Draw_Flow.<init>(MD04_Draw_Flow.java:26)
	at Automation_Framework.ExcelTest.<init>(ExcelTest.java:27)
	at App_modules.MD04_Draw_Flow.<init>(MD04_Draw_Flow.java:26)
	at Automation_Framework.ExcelTest.<init>(ExcelTest.java:27)
	at App_modules.MD04_Draw_Flow.<init>(MD04_Draw_Flow.java:26)
	at Automation_Framework.ExcelTest.<init>(ExcelTest.java:27)
	at App_modules.MD04_Draw_Flow.<init>(MD04_Draw_Flow.java:26)
	at Automation_Framework.ExcelTest.<init>(ExcelTest.java:27)
	at App_modules.MD04_Draw_Flow.<init>(MD04_Draw_Flow.java:26)
	at Automation_Framework.ExcelTest.<init>(ExcelTest.java:27)
	at App_modules.MD04_Draw_Flow.<init>(MD04_Draw_Flow.java:26)
	at Automation_Framework.ExcelTest.<init>(ExcelTest.java:27)
	at App_modules.MD04_Draw_Flow.<init>(MD04_Draw_Flow.java:26)
	at Automation_Framework.ExcelTest.<init>(ExcelTest.java:27)
	at App_modules.MD04_Draw_Flow.<init>(MD04_Draw_Flow.java:26)
	at Automation_Framework.ExcelTest.<init>(ExcelTest.java:27)
	at App_modules.MD04_Draw_Flow.<init>(MD04_Draw_Flow.java:26)
	at Automation_Framework.ExcelTest.<init>(ExcelTest.java:27)
	at App_modules.MD04_Draw_Flow.<init>(MD04_Draw_Flow.java:26)
	at Automation_Framework.ExcelTest.<init>(ExcelTest.java:27)
	at App_modules.MD04_Draw_Flow.<init>(MD04_Draw_Flow.java:26)
	at Automation_Framework.ExcelTest.<init>(ExcelTest.java:27)
	at App_modules.MD04_Draw_Flow.<init>(MD04_Draw_Flow.java:26)
	at Automation_Framework.ExcelTest.<init>(ExcelTest.java:27)
	at App_modules.MD04_Draw_Flow.<init>(MD04_Draw_Flow.java:26)
	at Automation_Framework.ExcelTest.<init>(ExcelTest.java:27)
	at App_modules.MD04_Draw_Flow.<init>(MD04_Draw_Flow.java:26)
	at Automation_Framework.ExcelTest.<init>(ExcelTest.java:27)
	at App_modules.MD04_Draw_Flow.<init>(MD04_Draw_Flow.java:26)
	at Automation_Framework.ExcelTest.<init>(ExcelTest.java:27)
	at App_modules.MD04_Draw_Flow.<init>(MD04_Draw_Flow.java:26)
	at Automation_Framework.ExcelTest.<init>(ExcelTest.java:27)
	at App_modules.MD04_Draw_Flow.<init>(MD04_Draw_Flow.java:26)
	at Automation_Framework.ExcelTest.<init>(ExcelTest.java:27)
	at App_modules.MD04_Draw_Flow.<init>(MD04_Draw_Flow.java:26)
	at Automation_Framework.ExcelTest.<init>(ExcelTest.java:27)
	at App_modules.MD04_Draw_Flow.<init>(MD04_Draw_Flow.java:26)
	at Automation_Framework.ExcelTest.<init>(ExcelTest.java:27)
	at App_modules.MD04_Draw_Flow.<init>(MD04_Draw_Flow.java:26)
	at Automation_Framework.ExcelTest.<init>(ExcelTest.java:27)
	at App_modules.MD04_Draw_Flow.<init>(MD04_Draw_Flow.java:26)
	at Automation_Framework.ExcelTest.<init>(ExcelTest.java:27)
	at App_modules.MD04_Draw_Flow.<init>(MD04_Draw_Flow.java:26)
	at Automation_Framework.ExcelTest.<init>(ExcelTest.java:27)
	at App_modules.MD04_Draw_Flow.<init>(MD04_Draw_Flow.java:26)
	at Automation_Framework.ExcelTest.<init>(ExcelTest.java:27)
	at App_modules.MD04_Draw_Flow.<init>(MD04_Draw_Flow.java:26)
	at Automation_Framework.ExcelTest.<init>(ExcelTest.java:27)
	at App_modules.MD04_Draw_Flow.<init>(MD04_Draw_Flow.java:26)
	at Automation_Framework.ExcelTest.<init>(ExcelTest.java:27)
	at App_modules.MD04_Draw_Flow.<init>(MD04_Draw_Flow.java:26)
	at Automation_Framework.ExcelTest.<init>(ExcelTest.java:27)
	at App_modules.MD04_Draw_Flow.<init>(MD04_Draw_Flow.java:26)
	at Automation_Framework.ExcelTest.<init>(ExcelTest.java:27)
	at App_modules.MD04_Draw_Flow.<init>(MD04_Draw_Flow.java:26)
	at Automation_Framework.ExcelTest.<init>(ExcelTest.java:27)
	at App_modules.MD04_Draw_Flow.<init>(MD04_Draw_Flow.java:26)
	at Automation_Framework.ExcelTest.<init>(ExcelTest.java:27)
	at App_modules.MD04_Draw_Flow.<init>(MD04_Draw_Flow.java:26)
	at Automation_Framework.ExcelTest.<init>(ExcelTest.java:27)
	at App_modules.MD04_Draw_Flow.<init>(MD04_Draw_Flow.java:26)
	at Automation_Framework.ExcelTest.<init>(ExcelTest.java:27)
	at App_modules.MD04_Draw_Flow.<init>(MD04_Draw_Flow.java:26)
	at Automation_Framework.ExcelTest.<init>(ExcelTest.java:27)
	at App_modules.MD04_Draw_Flow.<init>(MD04_Draw_Flow.java:26)
	at Automation_Framework.ExcelTest.<init>(ExcelTest.java:27)
	at App_modules.MD04_Draw_Flow.<init>(MD04_Draw_Flow.java:26)
	at Automation_Framework.ExcelTest.<init>(ExcelTest.java:27)
	at App_modules.MD04_Draw_Flow.<init>(MD04_Draw_Flow.java:26)
	at Automation_Framework.ExcelTest.<init>(ExcelTest.java:27)
	at App_modules.MD04_Draw_Flow.<init>(MD04_Draw_Flow.java:26)
	at Automation_Framework.ExcelTest.<init>(ExcelTest.java:27)
	at App_modules.MD04_Draw_Flow.<init>(MD04_Draw_Flow.java:26)
	at Automation_Framework.ExcelTest.<init>(ExcelTest.java:27)
	at App_modules.MD04_Draw_Flow.<init>(MD04_Draw_Flow.java:26)
	at Automation_Framework.ExcelTest.<init>(ExcelTest.java:27)
	at App_modules.MD04_Draw_Flow.<init>(MD04_Draw_Flow.java:26)
	at Automation_Framework.ExcelTest.<init>(ExcelTest.java:27)
	at App_modules.MD04_Draw_Flow.<init>(MD04_Draw_Flow.java:26)
	at Automation_Framework.ExcelTest.<init>(ExcelTest.java:27)
	at App_modules.MD04_Draw_Flow.<init>(MD04_Draw_Flow.java:26)
	at Automation_Framework.ExcelTest.<init>(ExcelTest.java:27)
	at App_modules.MD04_Draw_Flow.<init>(MD04_Draw_Flow.java:26)
	at Automation_Framework.ExcelTest.<init>(ExcelTest.java:27)
	at App_modules.MD04_Draw_Flow.<init>(MD04_Draw_Flow.java:26)
	at Automation_Framework.ExcelTest.<init>(ExcelTest.java:27)
	at App_modules.MD04_Draw_Flow.<init>(MD04_Draw_Flow.java:26)
	at Automation_Framework.ExcelTest.<init>(ExcelTest.java:27)
	at App_modules.MD04_Draw_Flow.<init>(MD04_Draw_Flow.java:26)
	at Automation_Framework.ExcelTest.<init>(ExcelTest.java:27)
	at App_modules.MD04_Draw_Flow.<init>(MD04_Draw_Flow.java:26)
	at Automation_Framework.ExcelTest.<init>(ExcelTest.java:27)
	at App_modules.MD04_Draw_Flow.<init>(MD04_Draw_Flow.java:26)
	at Automation_Framework.ExcelTest.<init>(ExcelTest.java:27)
	at App_modules.MD04_Draw_Flow.<init>(MD04_Draw_Flow.java:26)
	at Automation_Framework.ExcelTest.<init>(ExcelTest.java:27)
	at App_modules.MD04_Draw_Flow.<init>(MD04_Draw_Flow.java:26)
	at Automation_Framework.ExcelTest.<init>(ExcelTest.java:27)
	at App_modules.MD04_Draw_Flow.<init>(MD04_Draw_Flow.java:26)
	at Automation_Framework.ExcelTest.<init>(ExcelTest.java:27)
	at App_modules.MD04_Draw_Flow.<init>(MD04_Draw_Flow.java:26)
	at Automation_Framework.ExcelTest.<init>(ExcelTest.java:27)
	at App_modules.MD04_Draw_Flow.<init>(MD04_Draw_Flow.java:26)
	at Automation_Framework.ExcelTest.<init>(ExcelTest.java:27)
	at App_modules.MD04_Draw_Flow.<init>(MD04_Draw_Flow.java:26)
	at Automation_Framework.ExcelTest.<init>(ExcelTest.java:27)
	at App_modules.MD04_Draw_Flow.<init>(MD04_Draw_Flow.java:26)
	at Automation_Framework.ExcelTest.<init>(ExcelTest.java:27)
	at App_modules.MD04_Draw_Flow.<init>(MD04_Draw_Flow.java:26)
	at Automation_Framework.ExcelTest.<init>(ExcelTest.java:27)
	at App_modules.MD04_Draw_Flow.<init>(MD04_Draw_Flow.java:26)
	at Automation_Framework.ExcelTest.<init>(ExcelTest.java:27)
	at App_modules.MD04_Draw_Flow.<init>(MD04_Draw_Flow.java:26)
	at Automation_Framework.ExcelTest.<init>(ExcelTest.java:27)
	at App_modules.MD04_Draw_Flow.<init>(MD04_Draw_Flow.java:26)
	at Automation_Framework.ExcelTest.<init>(ExcelTest.java:27)
	at App_modules.MD04_Draw_Flow.<init>(MD04_Draw_Flow.java:26)
	at Automation_Framework.ExcelTest.<init>(ExcelTest.java:27)
	at App_modules.MD04_Draw_Flow.<init>(MD04_Draw_Flow.java:26)
	at Automation_Framework.ExcelTest.<init>(ExcelTest.java:27)
	at App_modules.MD04_Draw_Flow.<init>(MD04_Draw_Flow.java:26)
	at Automation_Framework.ExcelTest.<init>(ExcelTest.java:27)
	at App_modules.MD04_Draw_Flow.<init>(MD04_Draw_Flow.java:26)
	at Automation_Framework.ExcelTest.<init>(ExcelTest.java:27)
	at App_modules.MD04_Draw_Flow.<init>(MD04_Draw_Flow.java:26)
	at Automation_Framework.ExcelTest.<init>(ExcelTest.java:27)
	at App_modules.MD04_Draw_Flow.<init>(MD04_Draw_Flow.java:26)
	at Automation_Framework.ExcelTest.<init>(ExcelTest.java:27)
	at App_modules.MD04_Draw_Flow.<init>(MD04_Draw_Flow.java:26)
	at Automation_Framework.ExcelTest.<init>(ExcelTest.java:27)
	at App_modules.MD04_Draw_Flow.<init>(MD04_Draw_Flow.java:26)
	at Automation_Framework.ExcelTest.<init>(ExcelTest.java:27)
	at App_modules.MD04_Draw_Flow.<init>(MD04_Draw_Flow.java:26)
	at Automation_Framework.ExcelTest.<init>(ExcelTest.java:27)
	at App_modules.MD04_Draw_Flow.<init>(MD04_Draw_Flow.java:26)
	at Automation_Framework.ExcelTest.<init>(ExcelTest.java:27)
	at App_modules.MD04_Draw_Flow.<init>(MD04_Draw_Flow.java:26)
	at Automation_Framework.ExcelTest.<init>(ExcelTest.java:27)
	at App_modules.MD04_Draw_Flow.<init>(MD04_Draw_Flow.java:26)
	at Automation_Framework.ExcelTest.<init>(ExcelTest.java:27)
	at App_modules.MD04_Draw_Flow.<init>(MD04_Draw_Flow.java:26)
	at Automation_Framework.ExcelTest.<init>(ExcelTest.java:27)
	at App_modules.MD04_Draw_Flow.<init>(MD04_Draw_Flow.java:26)
	at Automation_Framework.ExcelTest.<init>(ExcelTest.java:27)
	at App_modules.MD04_Draw_Flow.<init>(MD04_Draw_Flow.java:26)
	at Automation_Framework.ExcelTest.<init>(ExcelTest.java:27)
	at App_modules.MD04_Draw_Flow.<init>(MD04_Draw_Flow.java:26)
	at Automation_Framework.ExcelTest.<init>(ExcelTest.java:27)
	at App_modules.MD04_Draw_Flow.<init>(MD04_Draw_Flow.java:26)
	at Automation_Framework.ExcelTest.<init>(ExcelTest.java:27)
	at App_modules.MD04_Draw_Flow.<init>(MD04_Draw_Flow.java:26)
	at Automation_Framework.ExcelTest.<init>(ExcelTest.java:27)
	at App_modules.MD04_Draw_Flow.<init>(MD04_Draw_Flow.java:26)
	at Automation_Framework.ExcelTest.<init>(ExcelTest.java:27)
	at App_modules.MD04_Draw_Flow.<init>(MD04_Draw_Flow.java:26)
	at Automation_Framework.ExcelTest.<init>(ExcelTest.java:27)
	at App_modules.MD04_Draw_Flow.<init>(MD04_Draw_Flow.java:26)
	at Automation_Framework.ExcelTest.<init>(ExcelTest.java:27)
	at App_modules.MD04_Draw_Flow.<init>(MD04_Draw_Flow.java:26)
	at Automation_Framework.ExcelTest.<init>(ExcelTest.java:27)
	at App_modules.MD04_Draw_Flow.<init>(MD04_Draw_Flow.java:26)
	at Automation_Framework.ExcelTest.<init>(ExcelTest.java:27)
	at App_modules.MD04_Draw_Flow.<init>(MD04_Draw_Flow.java:26)
	at Automation_Framework.ExcelTest.<init>(ExcelTest.java:27)
	at App_modules.MD04_Draw_Flow.<init>(MD04_Draw_Flow.java:26)
	at Automation_Framework.ExcelTest.<init>(ExcelTest.java:27)
	at App_modules.MD04_Draw_Flow.<init>(MD04_Draw_Flow.java:26)
	at Automation_Framework.ExcelTest.<init>(ExcelTest.java:27)
	at App_modules.MD04_Draw_Flow.<init>(MD04_Draw_Flow.java:26)
	at Automation_Framework.ExcelTest.<init>(ExcelTest.java:27)
	at App_modules.MD04_Draw_Flow.<init>(MD04_Draw_Flow.java:26)
	at Automation_Framework.ExcelTest.<init>(ExcelTest.java:27)
	at App_modules.MD04_Draw_Flow.<init>(MD04_Draw_Flow.java:26)
	at Automation_Framework.ExcelTest.<init>(ExcelTest.java:27)
	at App_modules.MD04_Draw_Flow.<init>(MD04_Draw_Flow.java:26)
	at Automation_Framework.ExcelTest.<init>(ExcelTest.java:27)
	at App_modules.MD04_Draw_Flow.<init>(MD04_Draw_Flow.java:26)
	at Automation_Framework.ExcelTest.<init>(ExcelTest.java:27)
	at App_modules.MD04_Draw_Flow.<init>(MD04_Draw_Flow.java:26)
	at Automation_Framework.ExcelTest.<init>(ExcelTest.java:27)
	at App_modules.MD04_Draw_Flow.<init>(MD04_Draw_Flow.java:26)
	at Automation_Framework.ExcelTest.<init>(ExcelTest.java:27)
	at App_modules.MD04_Draw_Flow.<init>(MD04_Draw_Flow.java:26)
	at Automation_Framework.ExcelTest.<init>(ExcelTest.java:27)
	at App_modules.MD04_Draw_Flow.<init>(MD04_Draw_Flow.java:26)
	at Automation_Framework.ExcelTest.<init>(ExcelTest.java:27)
	at App_modules.MD04_Draw_Flow.<init>(MD04_Draw_Flow.java:26)
	at Automation_Framework.ExcelTest.<init>(ExcelTest.java:27)
	at App_modules.MD04_Draw_Flow.<init>(MD04_Draw_Flow.java:26)
	at Automation_Framework.ExcelTest.<init>(ExcelTest.java:27)
	at App_modules.MD04_Draw_Flow.<init>(MD04_Draw_Flow.java:26)
	at Automation_Framework.ExcelTest.<init>(ExcelTest.java:27)
	at App_modules.MD04_Draw_Flow.<init>(MD04_Draw_Flow.java:26)
	at Automation_Framework.ExcelTest.<init>(ExcelTest.java:27)
	at App_modules.MD04_Draw_Flow.<init>(MD04_Draw_Flow.java:26)
	at Automation_Framework.ExcelTest.<init>(ExcelTest.java:27)
	at App_modules.MD04_Draw_Flow.<init>(MD04_Draw_Flow.java:26)
	at Automation_Framework.ExcelTest.<init>(ExcelTest.java:27)
	at App_modules.MD04_Draw_Flow.<init>(MD04_Draw_Flow.java:26)
	at Automation_Framework.ExcelTest.<init>(ExcelTest.java:27)
	at App_modules.MD04_Draw_Flow.<init>(MD04_Draw_Flow.java:26)
	at Automation_Framework.ExcelTest.<init>(ExcelTest.java:27)
	at App_modules.MD04_Draw_Flow.<init>(MD04_Draw_Flow.java:26)
	at Automation_Framework.ExcelTest.<init>(ExcelTest.java:27)
	at App_modules.MD04_Draw_Flow.<init>(MD04_Draw_Flow.java:26)
	at Automation_Framework.ExcelTest.<init>(ExcelTest.java:27)
	at App_modules.MD04_Draw_Flow.<init>(MD04_Draw_Flow.java:26)
	at Automation_Framework.ExcelTest.<init>(ExcelTest.java:27)
	at App_modules.MD04_Draw_Flow.<init>(MD04_Draw_Flow.java:26)
	at Automation_Framework.ExcelTest.<init>(ExcelTest.java:27)
	at App_modules.MD04_Draw_Flow.<init>(MD04_Draw_Flow.java:26)
	at Automation_Framework.ExcelTest.<init>(ExcelTest.java:27)
	at App_modules.MD04_Draw_Flow.<init>(MD04_Draw_Flow.java:26)
	at Automation_Framework.ExcelTest.<init>(ExcelTest.java:27)
	at App_modules.MD04_Draw_Flow.<init>(MD04_Draw_Flow.java:26)
	at Automation_Framework.ExcelTest.<init>(ExcelTest.java:27)
	at App_modules.MD04_Draw_Flow.<init>(MD04_Draw_Flow.java:26)
	at Automation_Framework.ExcelTest.<init>(ExcelTest.java:27)
	at App_modules.MD04_Draw_Flow.<init>(MD04_Draw_Flow.java:26)
	at Automation_Framework.ExcelTest.<init>(ExcelTest.java:27)
	at App_modules.MD04_Draw_Flow.<init>(MD04_Draw_Flow.java:26)
	at Automation_Framework.ExcelTest.<init>(ExcelTest.java:27)
	at App_modules.MD04_Draw_Flow.<init>(MD04_Draw_Flow.java:26)
	at Automation_Framework.ExcelTest.<init>(ExcelTest.java:27)
	at App_modules.MD04_Draw_Flow.<init>(MD04_Draw_Flow.java:26)
	at Automation_Framework.ExcelTest.<init>(ExcelTest.java:27)
	at App_modules.MD04_Draw_Flow.<init>(MD04_Draw_Flow.java:26)
	at Automation_Framework.ExcelTest.<init>(ExcelTest.java:27)
	at App_modules.MD04_Draw_Flow.<init>(MD04_Draw_Flow.java:26)
	at Automation_Framework.ExcelTest.<init>(ExcelTest.java:27)
	at App_modules.MD04_Draw_Flow.<init>(MD04_Draw_Flow.java:26)
	at Automation_Framework.ExcelTest.<init>(ExcelTest.java:27)
	at App_modules.MD04_Draw_Flow.<init>(MD04_Draw_Flow.java:26)
	at Automation_Framework.ExcelTest.<init>(ExcelTest.java:27)
	at App_modules.MD04_Draw_Flow.<init>(MD04_Draw_Flow.java:26)
	at Automation_Framework.ExcelTest.<init>(ExcelTest.java:27)
	at App_modules.MD04_Draw_Flow.<init>(MD04_Draw_Flow.java:26)
	at Automation_Framework.ExcelTest.<init>(ExcelTest.java:27)
	at App_modules.MD04_Draw_Flow.<init>(MD04_Draw_Flow.java:26)
	at Automation_Framework.ExcelTest.<init>(ExcelTest.java:27)
	at App_modules.MD04_Draw_Flow.<init>(MD04_Draw_Flow.java:26)
	at Automation_Framework.ExcelTest.<init>(ExcelTest.java:27)
	at App_modules.MD04_Draw_Flow.<init>(MD04_Draw_Flow.java:26)
	at Automation_Framework.ExcelTest.<init>(ExcelTest.java:27)
	at App_modules.MD04_Draw_Flow.<init>(MD04_Draw_Flow.java:26)
	at Automation_Framework.ExcelTest.<init>(ExcelTest.java:27)
	at App_modules.MD04_Draw_Flow.<init>(MD04_Draw_Flow.java:26)
	at Automation_Framework.ExcelTest.<init>(ExcelTest.java:27)
	at App_modules.MD04_Draw_Flow.<init>(MD04_Draw_Flow.java:26)
	at Automation_Framework.ExcelTest.<init>(ExcelTest.java:27)
	at App_modules.MD04_Draw_Flow.<init>(MD04_Draw_Flow.java:26)
	at Automation_Framework.ExcelTest.<init>(ExcelTest.java:27)
	at App_modules.MD04_Draw_Flow.<init>(MD04_Draw_Flow.java:26)
	at Automation_Framework.ExcelTest.<init>(ExcelTest.java:27)
	at App_modules.MD04_Draw_Flow.<init>(MD04_Draw_Flow.java:26)
	at Automation_Framework.ExcelTest.<init>(ExcelTest.java:27)
	at App_modules.MD04_Draw_Flow.<init>(MD04_Draw_Flow.java:26)
	at Automation_Framework.ExcelTest.<init>(ExcelTest.java:27)
	at App_modules.MD04_Draw_Flow.<init>(MD04_Draw_Flow.java:26)
	at Automation_Framework.ExcelTest.<init>(ExcelTest.java:27)
	at App_modules.MD04_Draw_Flow.<init>(MD04_Draw_Flow.java:26)
	at Automation_Framework.ExcelTest.<init>(ExcelTest.java:27)
	at App_modules.MD04_Draw_Flow.<init>(MD04_Draw_Flow.java:26)
	at Automation_Framework.ExcelTest.<init>(ExcelTest.java:27)
	at App_modules.MD04_Draw_Flow.<init>(MD04_Draw_Flow.java:26)
	at Automation_Framework.ExcelTest.<init>(ExcelTest.java:27)
	at App_modules.MD04_Draw_Flow.<init>(MD04_Draw_Flow.java:26)
	at Automation_Framework.ExcelTest.<init>(ExcelTest.java:27)
	at App_modules.MD04_Draw_Flow.<init>(MD04_Draw_Flow.java:26)
	at Automation_Framework.ExcelTest.<init>(ExcelTest.java:27)
	at App_modules.MD04_Draw_Flow.<init>(MD04_Draw_Flow.java:26)
	at Automation_Framework.ExcelTest.<init>(ExcelTest.java:27)
	at App_modules.MD04_Draw_Flow.<init>(MD04_Draw_Flow.java:26)
	at Automation_Framework.ExcelTest.<init>(ExcelTest.java:27)
	at App_modules.MD04_Draw_Flow.<init>(MD04_Draw_Flow.java:26)
	at Automation_Framework.ExcelTest.<init>(ExcelTest.java:27)
	at App_modules.MD04_Draw_Flow.<init>(MD04_Draw_Flow.java:26)
	at Automation_Framework.ExcelTest.<init>(ExcelTest.java:27)
	at App_modules.MD04_Draw_Flow.<init>(MD04_Draw_Flow.java:26)
	at Automation_Framework.ExcelTest.<init>(ExcelTest.java:27)
	at App_modules.MD04_Draw_Flow.<init>(MD04_Draw_Flow.java:26)
	at Automation_Framework.ExcelTest.<init>(ExcelTest.java:27)
	at App_modules.MD04_Draw_Flow.<init>(MD04_Draw_Flow.java:26)
	at Automation_Framework.ExcelTest.<init>(ExcelTest.java:27)
	at App_modules.MD04_Draw_Flow.<init>(MD04_Draw_Flow.java:26)
	at Automation_Framework.ExcelTest.<init>(ExcelTest.java:27)
	at App_modules.MD04_Draw_Flow.<init>(MD04_Draw_Flow.java:26)
	at Automation_Framework.ExcelTest.<init>(ExcelTest.java:27)
	at App_modules.MD04_Draw_Flow.<init>(MD04_Draw_Flow.java:26)
	at Automation_Framework.ExcelTest.<init>(ExcelTest.java:27)
	at App_modules.MD04_Draw_Flow.<init>(MD04_Draw_Flow.java:26)
	at Automation_Framework.ExcelTest.<init>(ExcelTest.java:27)
	at App_modules.MD04_Draw_Flow.<init>(MD04_Draw_Flow.java:26)
	at Automation_Framework.ExcelTest.<init>(ExcelTest.java:27)
	at App_modules.MD04_Draw_Flow.<init>(MD04_Draw_Flow.java:26)
	at Automation_Framework.ExcelTest.<init>(ExcelTest.java:27)
	at App_modules.MD04_Draw_Flow.<init>(MD04_Draw_Flow.java:26)
	at Automation_Framework.ExcelTest.<init>(ExcelTest.java:27)
	at App_modules.MD04_Draw_Flow.<init>(MD04_Draw_Flow.java:26)
	at Automation_Framework.ExcelTest.<init>(ExcelTest.java:27)
	at App_modules.MD04_Draw_Flow.<init>(MD04_Draw_Flow.java:26)
	at Automation_Framework.ExcelTest.<init>(ExcelTest.java:27)
	at App_modules.MD04_Draw_Flow.<init>(MD04_Draw_Flow.java:26)
	at Automation_Framework.ExcelTest.<init>(ExcelTest.java:27)
	at App_modules.MD04_Draw_Flow.<init>(MD04_Draw_Flow.java:26)
	at Automation_Framework.ExcelTest.<init>(ExcelTest.java:27)
	at App_modules.MD04_Draw_Flow.<init>(MD04_Draw_Flow.java:26)
	at Automation_Framework.ExcelTest.<init>(ExcelTest.java:27)
	at App_modules.MD04_Draw_Flow.<init>(MD04_Draw_Flow.java:26)
	at Automation_Framework.ExcelTest.<init>(ExcelTest.java:27)
	at App_modules.MD04_Draw_Flow.<init>(MD04_Draw_Flow.java:26)
	at Automation_Framework.ExcelTest.<init>(ExcelTest.java:27)
	at App_modules.MD04_Draw_Flow.<init>(MD04_Draw_Flow.java:26)
	at Automation_Framework.ExcelTest.<init>(ExcelTest.java:27)
	at App_modules.MD04_Draw_Flow.<init>(MD04_Draw_Flow.java:26)
	at Automation_Framework.ExcelTest.<init>(ExcelTest.java:27)
	at App_modules.MD04_Draw_Flow.<init>(MD04_Draw_Flow.java:26)
	at Automation_Framework.ExcelTest.<init>(ExcelTest.java:27)
	at App_modules.MD04_Draw_Flow.<init>(MD04_Draw_Flow.java:26)
	at Automation_Framework.ExcelTest.<init>(ExcelTest.java:27)
	at App_modules.MD04_Draw_Flow.<init>(MD04_Draw_Flow.java:26)
	at Automation_Framework.ExcelTest.<init>(ExcelTest.java:27)
	at App_modules.MD04_Draw_Flow.<init>(MD04_Draw_Flow.java:26)
	at Automation_Framework.ExcelTest.<init>(ExcelTest.java:27)
	at App_modules.MD04_Draw_Flow.<init>(MD04_Draw_Flow.java:26)
	at Automation_Framework.ExcelTest.<init>(ExcelTest.java:27)
	at App_modules.MD04_Draw_Flow.<init>(MD04_Draw_Flow.java:26)
	at Automation_Framework.ExcelTest.<init>(ExcelTest.java:27)
	at App_modules.MD04_Draw_Flow.<init>(MD04_Draw_Flow.java:26)
	at Automation_Framework.ExcelTest.<init>(ExcelTest.java:27)
	at App_modules.MD04_Draw_Flow.<init>(MD04_Draw_Flow.java:26)
	at Automation_Framework.ExcelTest.<init>(ExcelTest.java:27)
	at App_modules.MD04_Draw_Flow.<init>(MD04_Draw_Flow.java:26)
	at Automation_Framework.ExcelTest.<init>(ExcelTest.java:27)
	at App_modules.MD04_Draw_Flow.<init>(MD04_Draw_Flow.java:26)
	at Automation_Framework.ExcelTest.<init>(ExcelTest.java:27)
	at App_modules.MD04_Draw_Flow.<init>(MD04_Draw_Flow.java:26)
	at Automation_Framework.ExcelTest.<init>(ExcelTest.java:27)
	at App_modules.MD04_Draw_Flow.<init>(MD04_Draw_Flow.java:26)
	at Automation_Framework.ExcelTest.<init>(ExcelTest.java:27)
	at App_modules.MD04_Draw_Flow.<init>(MD04_Draw_Flow.java:26)
	at Automation_Framework.ExcelTest.<init>(ExcelTest.java:27)
	at App_modules.MD04_Draw_Flow.<init>(MD04_Draw_Flow.java:26)
	at Automation_Framework.ExcelTest.<init>(ExcelTest.java:27)
	at App_modules.MD04_Draw_Flow.<init>(MD04_Draw_Flow.java:26)
	at Automation_Framework.ExcelTest.<init>(ExcelTest.java:27)
	at App_modules.MD04_Draw_Flow.<init>(MD04_Draw_Flow.java:26)
	at Automation_Framework.ExcelTest.<init>(ExcelTest.java:27)
	at App_modules.MD04_Draw_Flow.<init>(MD04_Draw_Flow.java:26)
	at Automation_Framework.ExcelTest.<init>(ExcelTest.java:27)
	at App_modules.MD04_Draw_Flow.<init>(MD04_Draw_Flow.java:26)
	at Automation_Framework.ExcelTest.<init>(ExcelTest.java:27)
	at App_modules.MD04_Draw_Flow.<init>(MD04_Draw_Flow.java:26)
	at Automation_Framework.ExcelTest.<init>(ExcelTest.java:27)
	at App_modules.MD04_Draw_Flow.<init>(MD04_Draw_Flow.java:26)
	at Automation_Framework.ExcelTest.<init>(ExcelTest.java:27)
	at App_modules.MD04_Draw_Flow.<init>(MD04_Draw_Flow.java:26)
	at Automation_Framework.ExcelTest.<init>(ExcelTest.java:27)
	at App_modules.MD04_Draw_Flow.<init>(MD04_Draw_Flow.java:26)
	at Automation_Framework.ExcelTest.<init>(ExcelTest.java:27)
	at App_modules.MD04_Draw_Flow.<init>(MD04_Draw_Flow.java:26)
	at Automation_Framework.ExcelTest.<init>(ExcelTest.java:27)
	at App_modules.MD04_Draw_Flow.<init>(MD04_Draw_Flow.java:26)
	at Automation_Framework.ExcelTest.<init>(ExcelTest.java:27)
	at App_modules.MD04_Draw_Flow.<init>(MD04_Draw_Flow.java:26)
	at Automation_Framework.ExcelTest.<init>(ExcelTest.java:27)
	at App_modules.MD04_Draw_Flow.<init>(MD04_Draw_Flow.java:26)
	at Automation_Framework.ExcelTest.<init>(ExcelTest.java:27)
	at App_modules.MD04_Draw_Flow.<init>(MD04_Draw_Flow.java:26)
	at Automation_Framework.ExcelTest.<init>(ExcelTest.java:27)
	at App_modules.MD04_Draw_Flow.<init>(MD04_Draw_Flow.java:26)
	at Automation_Framework.ExcelTest.<init>(ExcelTest.java:27)
	at App_modules.MD04_Draw_Flow.<init>(MD04_Draw_Flow.java:26)
	at Automation_Framework.ExcelTest.<init>(ExcelTest.java:27)
	at App_modules.MD04_Draw_Flow.<init>(MD04_Draw_Flow.java:26)
	at Automation_Framework.ExcelTest.<init>(ExcelTest.java:27)
	at App_modules.MD04_Draw_Flow.<init>(MD04_Draw_Flow.java:26)
	at Automation_Framework.ExcelTest.<init>(ExcelTest.java:27)
	at App_modules.MD04_Draw_Flow.<init>(MD04_Draw_Flow.java:26)
	at Automation_Framework.ExcelTest.<init>(ExcelTest.java:27)
	at App_modules.MD04_Draw_Flow.<init>(MD04_Draw_Flow.java:26)
	at Automation_Framework.ExcelTest.<init>(ExcelTest.java:27)
	at App_modules.MD04_Draw_Flow.<init>(MD04_Draw_Flow.java:26)
	at Automation_Framework.ExcelTest.<init>(ExcelTest.java:27)
	at App_modules.MD04_Draw_Flow.<init>(MD04_Draw_Flow.java:26)
	at Automation_Framework.ExcelTest.<init>(ExcelTest.java:27)
	at App_modules.MD04_Draw_Flow.<init>(MD04_Draw_Flow.java:26)
	at Automation_Framework.ExcelTest.<init>(ExcelTest.java:27)
	at App_modules.MD04_Draw_Flow.<init>(MD04_Draw_Flow.java:26)
	at Automation_Framework.ExcelTest.<init>(ExcelTest.java:27)
	at App_modules.MD04_Draw_Flow.<init>(MD04_Draw_Flow.java:26)
	at Automation_Framework.ExcelTest.<init>(ExcelTest.java:27)
	at App_modules.MD04_Draw_Flow.<init>(MD04_Draw_Flow.java:26)
	at Automation_Framework.ExcelTest.<init>(ExcelTest.java:27)
	at App_modules.MD04_Draw_Flow.<init>(MD04_Draw_Flow.java:26)
	at Automation_Framework.ExcelTest.<init>(ExcelTest.java:27)
	at App_modules.MD04_Draw_Flow.<init>(MD04_Draw_Flow.java:26)
	at Automation_Framework.ExcelTest.<init>(ExcelTest.java:27)
	at App_modules.MD04_Draw_Flow.<init>(MD04_Draw_Flow.java:26)
	at Automation_Framework.ExcelTest.<init>(ExcelTest.java:27)
	at App_modules.MD04_Draw_Flow.<init>(MD04_Draw_Flow.java:26)
	at Automation_Framework.ExcelTest.<init>(ExcelTest.java:27)
	at App_modules.MD04_Draw_Flow.<init>(MD04_Draw_Flow.java:26)
	at Automation_Framework.ExcelTest.<init>(ExcelTest.java:27)
	at App_modules.MD04_Draw_Flow.<init>(MD04_Draw_Flow.java:26)
	at Automation_Framework.ExcelTest.<init>(ExcelTest.java:27)
	at App_modules.MD04_Draw_Flow.<init>(MD04_Draw_Flow.java:26)
	at Automation_Framework.ExcelTest.<init>(ExcelTest.java:27)
	at App_modules.MD04_Draw_Flow.<init>(MD04_Draw_Flow.java:26)
	at Automation_Framework.ExcelTest.<init>(ExcelTest.java:27)
	at App_modules.MD04_Draw_Flow.<init>(MD04_Draw_Flow.java:26)
	at Automation_Framework.ExcelTest.<init>(ExcelTest.java:27)
	at App_modules.MD04_Draw_Flow.<init>(MD04_Draw_Flow.java:26)
	at Automation_Framework.ExcelTest.<init>(ExcelTest.java:27)
	at App_modules.MD04_Draw_Flow.<init>(MD04_Draw_Flow.java:26)
	at Automation_Framework.ExcelTest.<init>(ExcelTest.java:27)
	at App_modules.MD04_Draw_Flow.<init>(MD04_Draw_Flow.java:26)
	at Automation_Framework.ExcelTest.<init>(ExcelTest.java:27)
	at App_modules.MD04_Draw_Flow.<init>(MD04_Draw_Flow.java:26)
	at Automation_Framework.ExcelTest.<init>(ExcelTest.java:27)
	at App_modules.MD04_Draw_Flow.<init>(MD04_Draw_Flow.java:26)
	at Automation_Framework.ExcelTest.<init>(ExcelTest.java:27)
	at App_modules.MD04_Draw_Flow.<init>(MD04_Draw_Flow.java:26)
	at Automation_Framework.ExcelTest.<init>(ExcelTest.java:27)
	at App_modules.MD04_Draw_Flow.<init>(MD04_Draw_Flow.java:26)
	at Automation_Framework.ExcelTest.<init>(ExcelTest.java:27)
	at App_modules.MD04_Draw_Flow.<init>(MD04_Draw_Flow.java:26)
	at Automation_Framework.ExcelTest.<init>(ExcelTest.java:27)
	at App_modules.MD04_Draw_Flow.<init>(MD04_Draw_Flow.java:26)
	at Automation_Framework.ExcelTest.<init>(ExcelTest.java:27)
	at App_modules.MD04_Draw_Flow.<init>(MD04_Draw_Flow.java:26)
	at Automation_Framework.ExcelTest.<init>(ExcelTest.java:27)
	at App_modules.MD04_Draw_Flow.<init>(MD04_Draw_Flow.java:26)
	at Automation_Framework.ExcelTest.<init>(ExcelTest.java:27)
	at App_modules.MD04_Draw_Flow.<init>(MD04_Draw_Flow.java:26)
	at Automation_Framework.ExcelTest.<init>(ExcelTest.java:27)
	at App_modules.MD04_Draw_Flow.<init>(MD04_Draw_Flow.java:26)
	at Automation_Framework.ExcelTest.<init>(ExcelTest.java:27)
	at App_modules.MD04_Draw_Flow.<init>(MD04_Draw_Flow.java:26)
	at Automation_Framework.ExcelTest.<init>(ExcelTest.java:27)
	at App_modules.MD04_Draw_Flow.<init>(MD04_Draw_Flow.java:26)
	at Automation_Framework.ExcelTest.<init>(ExcelTest.java:27)
	at App_modules.MD04_Draw_Flow.<init>(MD04_Draw_Flow.java:26)
	at Automation_Framework.ExcelTest.<init>(ExcelTest.java:27)
	at App_modules.MD04_Draw_Flow.<init>(MD04_Draw_Flow.java:26)
	at Automation_Framework.ExcelTest.<init>(ExcelTest.java:27)
	at App_modules.MD04_Draw_Flow.<init>(MD04_Draw_Flow.java:26)
	at Automation_Framework.ExcelTest.<init>(ExcelTest.java:27)
	at App_modules.MD04_Draw_Flow.<init>(MD04_Draw_Flow.java:26)
	at Automation_Framework.ExcelTest.<init>(ExcelTest.java:27)
	at App_modules.MD04_Draw_Flow.<init>(MD04_Draw_Flow.java:26)
	at Automation_Framework.ExcelTest.<init>(ExcelTest.java:27)
	at App_modules.MD04_Draw_Flow.<init>(MD04_Draw_Flow.java:26)
	at Automation_Framework.ExcelTest.<init>(ExcelTest.java:27)
	at App_modules.MD04_Draw_Flow.<init>(MD04_Draw_Flow.java:26)
	at Automation_Framework.ExcelTest.<init>(ExcelTest.java:27)
	at App_modules.MD04_Draw_Flow.<init>(MD04_Draw_Flow.java:26)
	at Automation_Framework.ExcelTest.<init>(ExcelTest.java:27)
	at App_modules.MD04_Draw_Flow.<init>(MD04_Draw_Flow.java:26)
	at Automation_Framework.ExcelTest.<init>(ExcelTest.java:27)
	at App_modules.MD04_Draw_Flow.<init>(MD04_Draw_Flow.java:26)
	at Automation_Framework.ExcelTest.<init>(ExcelTest.java:27)
	at App_modules.MD04_Draw_Flow.<init>(MD04_Draw_Flow.java:26)
	at Automation_Framework.ExcelTest.<init>(ExcelTest.java:27)
	at App_modules.MD04_Draw_Flow.<init>(MD04_Draw_Flow.java:26)
	at Automation_Framework.ExcelTest.<init>(ExcelTest.java:27)
	at App_modules.MD04_Draw_Flow.<init>(MD04_Draw_Flow.java:26)
	at Automation_Framework.ExcelTest.<init>(ExcelTest.java:27)
	at App_modules.MD04_Draw_Flow.<init>(MD04_Draw_Flow.java:26)
	at Automation_Framework.ExcelTest.<init>(ExcelTest.java:27)
	at App_modules.MD04_Draw_Flow.<init>(MD04_Draw_Flow.java:26)
	at Automation_Framework.ExcelTest.<init>(ExcelTest.java:27)
	at App_modules.MD04_Draw_Flow.<init>(MD04_Draw_Flow.java:26)
	at Automation_Framework.ExcelTest.<init>(ExcelTest.java:27)
	at App_modules.MD04_Draw_Flow.<init>(MD04_Draw_Flow.java:26)
	at Automation_Framework.ExcelTest.<init>(ExcelTest.java:27)
	at App_modules.MD04_Draw_Flow.<init>(MD04_Draw_Flow.java:26)
	at Automation_Framework.ExcelTest.<init>(ExcelTest.java:27)
	at App_modules.MD04_Draw_Flow.<init>(MD04_Draw_Flow.java:26)
	at Automation_Framework.ExcelTest.<init>(ExcelTest.java:27)
	at App_modules.MD04_Draw_Flow.<init>(MD04_Draw_Flow.java:26)
	at Automation_Framework.ExcelTest.<init>(ExcelTest.java:27)
	at App_modules.MD04_Draw_Flow.<init>(MD04_Draw_Flow.java:26)
	at Automation_Framework.ExcelTest.<init>(ExcelTest.java:27)
	at App_modules.MD04_Draw_Flow.<init>(MD04_Draw_Flow.java:26)
	at Automation_Framework.ExcelTest.<init>(ExcelTest.java:27)
	at App_modules.MD04_Draw_Flow.<init>(MD04_Draw_Flow.java:26)
	at Automation_Framework.ExcelTest.<init>(ExcelTest.java:27)
	at App_modules.MD04_Draw_Flow.<init>(MD04_Draw_Flow.java:26)
	at Automation_Framework.ExcelTest.<init>(ExcelTest.java:27)
	at App_modules.MD04_Draw_Flow.<init>(MD04_Draw_Flow.java:26)
	at Automation_Framework.ExcelTest.<init>(ExcelTest.java:27)
	at App_modules.MD04_Draw_Flow.<init>(MD04_Draw_Flow.java:26)
	at Automation_Framework.ExcelTest.<init>(ExcelTest.java:27)
	at App_modules.MD04_Draw_Flow.<init>(MD04_Draw_Flow.java:26)
	at Automation_Framework.ExcelTest.<init>(ExcelTest.java:27)
	at App_modules.MD04_Draw_Flow.<init>(MD04_Draw_Flow.java:26)
	at Automation_Framework.ExcelTest.<init>(ExcelTest.java:27)
	at App_modules.MD04_Draw_Flow.<init>(MD04_Draw_Flow.java:26)
	at Automation_Framework.ExcelTest.<init>(ExcelTest.java:27)
	at App_modules.MD04_Draw_Flow.<init>(MD04_Draw_Flow.java:26)
	at Automation_Framework.ExcelTest.<init>(ExcelTest.java:27)
	at App_modules.MD04_Draw_Flow.<init>(MD04_Draw_Flow.java:26)
	at Automation_Framework.ExcelTest.<init>(ExcelTest.java:27)
	at App_modules.MD04_Draw_Flow.<init>(MD04_Draw_Flow.java:26)
	at Automation_Framework.ExcelTest.<init>(ExcelTest.java:27)
	at App_modules.MD04_Draw_Flow.<init>(MD04_Draw_Flow.java:26)
	at Automation_Framework.ExcelTest.<init>(ExcelTest.java:27)
	at App_modules.MD04_Draw_Flow.<init>(MD04_Draw_Flow.java:26)
	at Automation_Framework.ExcelTest.<init>(ExcelTest.java:27)
	at App_modules.MD04_Draw_Flow.<init>(MD04_Draw_Flow.java:26)
	at Automation_Framework.ExcelTest.<init>(ExcelTest.java:27)
	at App_modules.MD04_Draw_Flow.<init>(MD04_Draw_Flow.java:26)
	at Automation_Framework.ExcelTest.<init>(ExcelTest.java:27)
	at App_modules.MD04_Draw_Flow.<init>(MD04_Draw_Flow.java:26)
	at Automation_Framework.ExcelTest.<init>(ExcelTest.java:27)
	at App_modules.MD04_Draw_Flow.<init>(MD04_Draw_Flow.java:26)
	at Automation_Framework.ExcelTest.<init>(ExcelTest.java:27)
	at App_modules.MD04_Draw_Flow.<init>(MD04_Draw_Flow.java:26)
	at Automation_Framework.ExcelTest.<init>(ExcelTest.java:27)
	at App_modules.MD04_Draw_Flow.<init>(MD04_Draw_Flow.java:26)
	at Automation_Framework.ExcelTest.<init>(ExcelTest.java:27)
	at App_modules.MD04_Draw_Flow.<init>(MD04_Draw_Flow.java:26)
	at Automation_Framework.ExcelTest.<init>(ExcelTest.java:27)
	at App_modules.MD04_Draw_Flow.<init>(MD04_Draw_Flow.java:26)
	at Automation_Framework.ExcelTest.<init>(ExcelTest.java:27)
	at App_modules.MD04_Draw_Flow.<init>(MD04_Draw_Flow.java:26)
	at Automation_Framework.ExcelTest.<init>(ExcelTest.java:27)
	at App_modules.MD04_Draw_Flow.<init>(MD04_Draw_Flow.java:26)
	at Automation_Framework.ExcelTest.<init>(ExcelTest.java:27)
	at App_modules.MD04_Draw_Flow.<init>(MD04_Draw_Flow.java:26)
	at Automation_Framework.ExcelTest.<init>(ExcelTest.java:27)
	at App_modules.MD04_Draw_Flow.<init>(MD04_Draw_Flow.java:26)
	at Automation_Framework.ExcelTest.<init>(ExcelTest.java:27)
	at App_modules.MD04_Draw_Flow.<init>(MD04_Draw_Flow.java:26)
	at Automation_Framework.ExcelTest.<init>(ExcelTest.java:27)
	at App_modules.MD04_Draw_Flow.<init>(MD04_Draw_Flow.java:26)
	at Automation_Framework.ExcelTest.<init>(ExcelTest.java:27)
	at App_modules.MD04_Draw_Flow.<init>(MD04_Draw_Flow.java:26)
	at Automation_Framework.ExcelTest.<init>(ExcelTest.java:27)
	at App_modules.MD04_Draw_Flow.<init>(MD04_Draw_Flow.java:26)
	at Automation_Framework.ExcelTest.<init>(ExcelTest.java:27)
	at App_modules.MD04_Draw_Flow.<init>(MD04_Draw_Flow.java:26)
	at Automation_Framework.ExcelTest.<init>(ExcelTest.java:27)
	at App_modules.MD04_Draw_Flow.<init>(MD04_Draw_Flow.java:26)
	at Automation_Framework.ExcelTest.<init>(ExcelTest.java:27)
	at App_modules.MD04_Draw_Flow.<init>(MD04_Draw_Flow.java:26)
	at Automation_Framework.ExcelTest.<init>(ExcelTest.java:27)
	at App_modules.MD04_Draw_Flow.<init>(MD04_Draw_Flow.java:26)
	at Automation_Framework.ExcelTest.<init>(ExcelTest.java:27)
	at App_modules.MD04_Draw_Flow.<init>(MD04_Draw_Flow.java:26)
	at Automation_Framework.ExcelTest.<init>(ExcelTest.java:27)
	at App_modules.MD04_Draw_Flow.<init>(MD04_Draw_Flow.java:26)
	at Automation_Framework.ExcelTest.<init>(ExcelTest.java:27)
	at App_modules.MD04_Draw_Flow.<init>(MD04_Draw_Flow.java:26)
	at Automation_Framework.ExcelTest.<init>(ExcelTest.java:27)
	at App_modules.MD04_Draw_Flow.<init>(MD04_Draw_Flow.java:26)
	at Automation_Framework.ExcelTest.<init>(ExcelTest.java:27)
	at App_modules.MD04_Draw_Flow.<init>(MD04_Draw_Flow.java:26)
	at Automation_Framework.ExcelTest.<init>(ExcelTest.java:27)
	at App_modules.MD04_Draw_Flow.<init>(MD04_Draw_Flow.java:26)
	at Automation_Framework.ExcelTest.<init>(ExcelTest.java:27)
	at App_modules.MD04_Draw_Flow.<init>(MD04_Draw_Flow.java:26)
	at Automation_Framework.ExcelTest.<init>(ExcelTest.java:27)
	at App_modules.MD04_Draw_Flow.<init>(MD04_Draw_Flow.java:26)
	at Automation_Framework.ExcelTest.<init>(ExcelTest.java:27)
	at App_modules.MD04_Draw_Flow.<init>(MD04_Draw_Flow.java:26)
	at Automation_Framework.ExcelTest.<init>(ExcelTest.java:27)
	at App_modules.MD04_Draw_Flow.<init>(MD04_Draw_Flow.java:26)
	at Automation_Framework.ExcelTest.<init>(ExcelTest.java:27)
	at App_modules.MD04_Draw_Flow.<init>(MD04_Draw_Flow.java:26)
	at Automation_Framework.ExcelTest.<init>(ExcelTest.java:27)
	at App_modules.MD04_Draw_Flow.<init>(MD04_Draw_Flow.java:26)
	at Automation_Framework.ExcelTest.<init>(ExcelTest.java:27)
	at App_modules.MD04_Draw_Flow.<init>(MD04_Draw_Flow.java:26)
	at Automation_Framework.ExcelTest.<init>(ExcelTest.java:27)
	at App_modules.MD04_Draw_Flow.<init>(MD04_Draw_Flow.java:26)
	at Automation_Framework.ExcelTest.<init>(ExcelTest.java:27)
	at App_modules.MD04_Draw_Flow.<init>(MD04_Draw_Flow.java:26)
	at Automation_Framework.ExcelTest.<init>(ExcelTest.java:27)
	at App_modules.MD04_Draw_Flow.<init>(MD04_Draw_Flow.java:26)
	at Automation_Framework.ExcelTest.<init>(ExcelTest.java:27)
	at App_modules.MD04_Draw_Flow.<init>(MD04_Draw_Flow.java:26)
	at Automation_Framework.ExcelTest.<init>(ExcelTest.java:27)
	at App_modules.MD04_Draw_Flow.<init>(MD04_Draw_Flow.java:26)
	at Automation_Framework.ExcelTest.<init>(ExcelTest.java:27)
	at App_modules.MD04_Draw_Flow.<init>(MD04_Draw_Flow.java:26)
	at Automation_Framework.ExcelTest.<init>(ExcelTest.java:27)
	at App_modules.MD04_Draw_Flow.<init>(MD04_Draw_Flow.java:26)
	at Automation_Framework.ExcelTest.<init>(ExcelTest.java:27)
	at App_modules.MD04_Draw_Flow.<init>(MD04_Draw_Flow.java:26)
	at Automation_Framework.ExcelTest.<init>(ExcelTest.java:27)
	at App_modules.MD04_Draw_Flow.<init>(MD04_Draw_Flow.java:26)
	at Automation_Framework.ExcelTest.<init>(ExcelTest.java:27)
	at App_modules.MD04_Draw_Flow.<init>(MD04_Draw_Flow.java:26)
	at Automation_Framework.ExcelTest.<init>(ExcelTest.java:27)
	at App_modules.MD04_Draw_Flow.<init>(MD04_Draw_Flow.java:26)
	at Automation_Framework.ExcelTest.<init>(ExcelTest.java:27)
	at App_modules.MD04_Draw_Flow.<init>(MD04_Draw_Flow.java:26)
	at Automation_Framework.ExcelTest.<init>(ExcelTest.java:27)
	at App_modules.MD04_Draw_Flow.<init>(MD04_Draw_Flow.java:26)
	at Automation_Framework.ExcelTest.<init>(ExcelTest.java:27)
	at App_modules.MD04_Draw_Flow.<init>(MD04_Draw_Flow.java:26)
	at Automation_Framework.ExcelTest.<init>(ExcelTest.java:27)
	at App_modules.MD04_Draw_Flow.<init>(MD04_Draw_Flow.java:26)
	at Automation_Framework.ExcelTest.<init>(ExcelTest.java:27)
	at App_modules.MD04_Draw_Flow.<init>(MD04_Draw_Flow.java:26)
	at Automation_Framework.ExcelTest.<init>(ExcelTest.java:27)
	at App_modules.MD04_Draw_Flow.<init>(MD04_Draw_Flow.java:26)
	at Automation_Framework.ExcelTest.<init>(ExcelTest.java:27)
	at App_modules.MD04_Draw_Flow.<init>(MD04_Draw_Flow.java:26)
	at Automation_Framework.ExcelTest.<init>(ExcelTest.java:27)
	at App_modules.MD04_Draw_Flow.<init>(MD04_Draw_Flow.java:26)
	at Automation_Framework.ExcelTest.<init>(ExcelTest.java:27)
	at App_modules.MD04_Draw_Flow.<init>(MD04_Draw_Flow.java:26)
	at Automation_Framework.ExcelTest.<init>(ExcelTest.java:27)
	at App_modules.MD04_Draw_Flow.<init>(MD04_Draw_Flow.java:26)
	at Automation_Framework.ExcelTest.<init>(ExcelTest.java:27)
	at App_modules.MD04_Draw_Flow.<init>(MD04_Draw_Flow.java:26)
	at Automation_Framework.ExcelTest.<init>(ExcelTest.java:27)
	at App_modules.MD04_Draw_Flow.<init>(MD04_Draw_Flow.java:26)
	at Automation_Framework.ExcelTest.<init>(ExcelTest.java:27)
	at App_modules.MD04_Draw_Flow.<init>(MD04_Draw_Flow.java:26)
	at Automation_Framework.ExcelTest.<init>(ExcelTest.java:27)
	at App_modules.MD04_Draw_Flow.<init>(MD04_Draw_Flow.java:26)
	at Automation_Framework.ExcelTest.<init>(ExcelTest.java:27)
	at App_modules.MD04_Draw_Flow.<init>(MD04_Draw_Flow.java:26)
	at Automation_Framework.ExcelTest.<init>(ExcelTest.java:27)
	at App_modules.MD04_Draw_Flow.<init>(MD04_Draw_Flow.java:26)
	at Automation_Framework.ExcelTest.<init>(ExcelTest.java:27)
	at App_modules.MD04_Draw_Flow.<init>(MD04_Draw_Flow.java:26)
	at Automation_Framework.ExcelTest.<init>(ExcelTest.java:27)
	at App_modules.MD04_Draw_Flow.<init>(MD04_Draw_Flow.java:26)
	at Automation_Framework.ExcelTest.<init>(ExcelTest.java:27)
	at App_modules.MD04_Draw_Flow.<init>(MD04_Draw_Flow.java:26)
	at Automation_Framework.ExcelTest.<init>(ExcelTest.java:27)
	at App_modules.MD04_Draw_Flow.<init>(MD04_Draw_Flow.java:26)
	at Automation_Framework.ExcelTest.<init>(ExcelTest.java:27)
	at App_modules.MD04_Draw_Flow.<init>(MD04_Draw_Flow.java:26)
	at Automation_Framework.ExcelTest.<init>(ExcelTest.java:27)
	at App_modules.MD04_Draw_Flow.<init>(MD04_Draw_Flow.java:26)
	at Automation_Framework.ExcelTest.<init>(ExcelTest.java:27)
	at App_modules.MD04_Draw_Flow.<init>(MD04_Draw_Flow.java:26)
	at Automation_Framework.ExcelTest.<init>(ExcelTest.java:27)
	at App_modules.MD04_Draw_Flow.<init>(MD04_Draw_Flow.java:26)
	at Automation_Framework.ExcelTest.<init>(ExcelTest.java:27)
	at App_modules.MD04_Draw_Flow.<init>(MD04_Draw_Flow.java:26)
	at Automation_Framework.ExcelTest.<init>(ExcelTest.java:27)
	at App_modules.MD04_Draw_Flow.<init>(MD04_Draw_Flow.java:26)
	at Automation_Framework.ExcelTest.<init>(ExcelTest.java:27)
	at App_modules.MD04_Draw_Flow.<init>(MD04_Draw_Flow.java:26)
	at Automation_Framework.ExcelTest.<init>(ExcelTest.java:27)
	at App_modules.MD04_Draw_Flow.<init>(MD04_Draw_Flow.java:26)
	at Automation_Framework.ExcelTest.<init>(ExcelTest.java:27)
	at App_modules.MD04_Draw_Flow.<init>(MD04_Draw_Flow.java:26)
	at Automation_Framework.ExcelTest.<init>(ExcelTest.java:27)
	at App_modules.MD04_Draw_Flow.<init>(MD04_Draw_Flow.java:26)
	at Automation_Framework.ExcelTest.<init>(ExcelTest.java:27)
	at App_modules.MD04_Draw_Flow.<init>(MD04_Draw_Flow.java:26)
	at Automation_Framework.ExcelTest.<init>(ExcelTest.java:27)
	at App_modules.MD04_Draw_Flow.<init>(MD04_Draw_Flow.java:26)
	at Automation_Framework.ExcelTest.<init>(ExcelTest.java:27)
	at App_modules.MD04_Draw_Flow.<init>(MD04_Draw_Flow.java:26)
	at Automation_Framework.ExcelTest.<init>(ExcelTest.java:27)
	at App_modules.MD04_Draw_Flow.<init>(MD04_Draw_Flow.java:26)
	at Automation_Framework.ExcelTest.<init>(ExcelTest.java:27)
	at App_modules.MD04_Draw_Flow.<init>(MD04_Draw_Flow.java:26)
	at Automation_Framework.ExcelTest.<init>(ExcelTest.java:27)
	at App_modules.MD04_Draw_Flow.<init>(MD04_Draw_Flow.java:26)
	at Automation_Framework.ExcelTest.<init>(ExcelTest.java:27)
	at App_modules.MD04_Draw_Flow.<init>(MD04_Draw_Flow.java:26)
	at Automation_Framework.ExcelTest.<init>(ExcelTest.java:27)
	at App_modules.MD04_Draw_Flow.<init>(MD04_Draw_Flow.java:26)
	at Automation_Framework.ExcelTest.<init>(ExcelTest.java:27)
	at App_modules.MD04_Draw_Flow.<init>(MD04_Draw_Flow.java:26)
	at Automation_Framework.ExcelTest.<init>(ExcelTest.java:27)
	at App_modules.MD04_Draw_Flow.<init>(MD04_Draw_Flow.java:26)
	at Automation_Framework.ExcelTest.<init>(ExcelTest.java:27)
	at App_modules.MD04_Draw_Flow.<init>(MD04_Draw_Flow.java:26)
	at Automation_Framework.ExcelTest.<init>(ExcelTest.java:27)
	at App_modules.MD04_Draw_Flow.<init>(MD04_Draw_Flow.java:26)
	at Automation_Framework.ExcelTest.<init>(ExcelTest.java:27)
	at App_modules.MD04_Draw_Flow.<init>(MD04_Draw_Flow.java:26)
	at Automation_Framework.ExcelTest.<init>(ExcelTest.java:27)
	at App_modules.MD04_Draw_Flow.<init>(MD04_Draw_Flow.java:26)
	at Automation_Framework.ExcelTest.<init>(ExcelTest.java:27)
	at App_modules.MD04_Draw_Flow.<init>(MD04_Draw_Flow.java:26)
	at Automation_Framework.ExcelTest.<init>(ExcelTest.java:27)
	at App_modules.MD04_Draw_Flow.<init>(MD04_Draw_Flow.java:26)
	at Automation_Framework.ExcelTest.<init>(ExcelTest.java:27)
	at App_modules.MD04_Draw_Flow.<init>(MD04_Draw_Flow.java:26)
	at Automation_Framework.ExcelTest.<init>(ExcelTest.java:27)
	at App_modules.MD04_Draw_Flow.<init>(MD04_Draw_Flow.java:26)
	at Automation_Framework.ExcelTest.<init>(ExcelTest.java:27)
	at App_modules.MD04_Draw_Flow.<init>(MD04_Draw_Flow.java:26)
	at Automation_Framework.ExcelTest.<init>(ExcelTest.java:27)
	at App_modules.MD04_Draw_Flow.<init>(MD04_Draw_Flow.java:26)
	at Automation_Framework.ExcelTest.<init>(ExcelTest.java:27)
	at App_modules.MD04_Draw_Flow.<init>(MD04_Draw_Flow.java:26)
	at Automation_Framework.ExcelTest.<init>(ExcelTest.java:27)
	at App_modules.MD04_Draw_Flow.<init>(MD04_Draw_Flow.java:26)
	at Automation_Framework.ExcelTest.<init>(ExcelTest.java:27)
	at App_modules.MD04_Draw_Flow.<init>(MD04_Draw_Flow.java:26)
	at Automation_Framework.ExcelTest.<init>(ExcelTest.java:27)
	at App_modules.MD04_Draw_Flow.<init>(MD04_Draw_Flow.java:26)
	at Automation_Framework.ExcelTest.<init>(ExcelTest.java:27)
	at App_modules.MD04_Draw_Flow.<init>(MD04_Draw_Flow.java:26)
	at Automation_Framework.ExcelTest.<init>(ExcelTest.java:27)
	at App_modules.MD04_Draw_Flow.<init>(MD04_Draw_Flow.java:26)
	at Automation_Framework.ExcelTest.<init>(ExcelTest.java:27)
	at App_modules.MD04_Draw_Flow.<init>(MD04_Draw_Flow.java:26)
	at Automation_Framework.ExcelTest.<init>(ExcelTest.java:27)
	at App_modules.MD04_Draw_Flow.<init>(MD04_Draw_Flow.java:26)
	at Automation_Framework.ExcelTest.<init>(ExcelTest.java:27)
	at App_modules.MD04_Draw_Flow.<init>(MD04_Draw_Flow.java:26)
	at Automation_Framework.ExcelTest.<init>(ExcelTest.java:27)
	at App_modules.MD04_Draw_Flow.<init>(MD04_Draw_Flow.java:26)
	at Automation_Framework.ExcelTest.<init>(ExcelTest.java:27)
	at App_modules.MD04_Draw_Flow.<init>(MD04_Draw_Flow.java:26)
	at Automation_Framework.ExcelTest.<init>(ExcelTest.java:27)
	at App_modules.MD04_Draw_Flow.<init>(MD04_Draw_Flow.java:26)
	at Automation_Framework.ExcelTest.<init>(ExcelTest.java:27)
	at App_modules.MD04_Draw_Flow.<init>(MD04_Draw_Flow.java:26)
	at Automation_Framework.ExcelTest.<init>(ExcelTest.java:27)
	at App_modules.MD04_Draw_Flow.<init>(MD04_Draw_Flow.java:26)
	at Automation_Framework.ExcelTest.<init>(ExcelTest.java:27)
	at App_modules.MD04_Draw_Flow.<init>(MD04_Draw_Flow.java:26)
	at Automation_Framework.ExcelTest.<init>(ExcelTest.java:27)
	at App_modules.MD04_Draw_Flow.<init>(MD04_Draw_Flow.java:26)
	at Automation_Framework.ExcelTest.<init>(ExcelTest.java:27)
	at App_modules.MD04_Draw_Flow.<init>(MD04_Draw_Flow.java:26)
	at Automation_Framework.ExcelTest.<init>(ExcelTest.java:27)
	at App_modules.MD04_Draw_Flow.<init>(MD04_Draw_Flow.java:26)
	at Automation_Framework.ExcelTest.<init>(ExcelTest.java:27)
	at App_modules.MD04_Draw_Flow.<init>(MD04_Draw_Flow.java:26)
	at Automation_Framework.ExcelTest.<init>(ExcelTest.java:27)
	at App_modules.MD04_Draw_Flow.<init>(MD04_Draw_Flow.java:26)
	at Automation_Framework.ExcelTest.<init>(ExcelTest.java:27)
	at App_modules.MD04_Draw_Flow.<init>(MD04_Draw_Flow.java:26)
	at Automation_Framework.ExcelTest.<init>(ExcelTest.java:27)
	at App_modules.MD04_Draw_Flow.<init>(MD04_Draw_Flow.java:26)
	at Automation_Framework.ExcelTest.<init>(ExcelTest.java:27)
	at App_modules.MD04_Draw_Flow.<init>(MD04_Draw_Flow.java:26)
	at Automation_Framework.ExcelTest.<init>(ExcelTest.java:27)
	at App_modules.MD04_Draw_Flow.<init>(MD04_Draw_Flow.java:26)
	at Automation_Framework.ExcelTest.<init>(ExcelTest.java:27)
	at App_modules.MD04_Draw_Flow.<init>(MD04_Draw_Flow.java:26)
	at Automation_Framework.ExcelTest.<init>(ExcelTest.java:27)
	at App_modules.MD04_Draw_Flow.<init>(MD04_Draw_Flow.java:26)
	at Automation_Framework.ExcelTest.<init>(ExcelTest.java:27)
	at App_modules.MD04_Draw_Flow.<init>(MD04_Draw_Flow.java:26)
	at Automation_Framework.ExcelTest.<init>(ExcelTest.java:27)
	at App_modules.MD04_Draw_Flow.<init>(MD04_Draw_Flow.java:26)
	at Automation_Framework.ExcelTest.<init>(ExcelTest.java:27)
	at App_modules.MD04_Draw_Flow.<init>(MD04_Draw_Flow.java:26)
	at Automation_Framework.ExcelTest.<init>(ExcelTest.java:27)
	at App_modules.MD04_Draw_Flow.<init>(MD04_Draw_Flow.java:26)
	at Automation_Framework.ExcelTest.<init>(ExcelTest.java:27)
	at App_modules.MD04_Draw_Flow.<init>(MD04_Draw_Flow.java:26)
	at Automation_Framework.ExcelTest.<init>(ExcelTest.java:27)
	at App_modules.MD04_Draw_Flow.<init>(MD04_Draw_Flow.java:26)
	at Automation_Framework.ExcelTest.<init>(ExcelTest.java:27)
	at App_modules.MD04_Draw_Flow.<init>(MD04_Draw_Flow.java:26)
	at Automation_Framework.ExcelTest.<init>(ExcelTest.java:27)
	at App_modules.MD04_Draw_Flow.<init>(MD04_Draw_Flow.java:26)
	at Automation_Framework.ExcelTest.<init>(ExcelTest.java:27)
	at App_modules.MD04_Draw_Flow.<init>(MD04_Draw_Flow.java:26)
	at Automation_Framework.ExcelTest.<init>(ExcelTest.java:27)
	at App_modules.MD04_Draw_Flow.<init>(MD04_Draw_Flow.java:26)
	at Automation_Framework.ExcelTest.<init>(ExcelTest.java:27)
	at App_modules.MD04_Draw_Flow.<init>(MD04_Draw_Flow.java:26)
	at Automation_Framework.ExcelTest.<init>(ExcelTest.java:27)
	at App_modules.MD04_Draw_Flow.<init>(MD04_Draw_Flow.java:26)
	at Automation_Framework.ExcelTest.<init>(ExcelTest.java:27)
	at App_modules.MD04_Draw_Flow.<init>(MD04_Draw_Flow.java:26)
	at Automation_Framework.ExcelTest.<init>(ExcelTest.java:27)
	at App_modules.MD04_Draw_Flow.<init>(MD04_Draw_Flow.java:26)
	at Automation_Framework.ExcelTest.<init>(ExcelTest.java:27)
	at App_modules.MD04_Draw_Flow.<init>(MD04_Draw_Flow.java:26)
	at Automation_Framework.ExcelTest.<init>(ExcelTest.java:27)
	at App_modules.MD04_Draw_Flow.<init>(MD04_Draw_Flow.java:26)
	at Automation_Framework.ExcelTest.<init>(ExcelTest.java:27)
	at App_modules.MD04_Draw_Flow.<init>(MD04_Draw_Flow.java:26)
	at Automation_Framework.ExcelTest.<init>(ExcelTest.java:27)
	at App_modules.MD04_Draw_Flow.<init>(MD04_Draw_Flow.java:26)
	at Automation_Framework.ExcelTest.<init>(ExcelTest.java:27)
	at App_modules.MD04_Draw_Flow.<init>(MD04_Draw_Flow.java:26)
	at Automation_Framework.ExcelTest.<init>(ExcelTest.java:27)
	at App_modules.MD04_Draw_Flow.<init>(MD04_Draw_Flow.java:26)
	at Automation_Framework.ExcelTest.<init>(ExcelTest.java:27)
	at App_modules.MD04_Draw_Flow.<init>(MD04_Draw_Flow.java:26)
	at Automation_Framework.ExcelTest.<init>(ExcelTest.java:27)
	at App_modules.MD04_Draw_Flow.<init>(MD04_Draw_Flow.java:26)
	at Automation_Framework.ExcelTest.<init>(ExcelTest.java:27)
	at App_modules.MD04_Draw_Flow.<init>(MD04_Draw_Flow.java:26)
	at Automation_Framework.ExcelTest.<init>(ExcelTest.java:27)
	at App_modules.MD04_Draw_Flow.<init>(MD04_Draw_Flow.java:26)
	at Automation_Framework.ExcelTest.<init>(ExcelTest.java:27)
	at App_modules.MD04_Draw_Flow.<init>(MD04_Draw_Flow.java:26)
	at Automation_Framework.ExcelTest.<init>(ExcelTest.java:27)
	at App_modules.MD04_Draw_Flow.<init>(MD04_Draw_Flow.java:26)
	at Automation_Framework.ExcelTest.<init>(ExcelTest.java:27)
	at App_modules.MD04_Draw_Flow.<init>(MD04_Draw_Flow.java:26)
	at Automation_Framework.ExcelTest.<init>(ExcelTest.java:27)
	at App_modules.MD04_Draw_Flow.<init>(MD04_Draw_Flow.java:26)
	at Automation_Framework.ExcelTest.<init>(ExcelTest.java:27)
	at App_modules.MD04_Draw_Flow.<init>(MD04_Draw_Flow.java:26)
	at Automation_Framework.ExcelTest.<init>(ExcelTest.java:27)
	at App_modules.MD04_Draw_Flow.<init>(MD04_Draw_Flow.java:26)
	at Automation_Framework.ExcelTest.<init>(ExcelTest.java:27)
	at App_modules.MD04_Draw_Flow.<init>(MD04_Draw_Flow.java:26)
	at Automation_Framework.ExcelTest.<init>(ExcelTest.java:27)
	at App_modules.MD04_Draw_Flow.<init>(MD04_Draw_Flow.java:26)
	at Automation_Framework.ExcelTest.<init>(ExcelTest.java:27)
	at App_modules.MD04_Draw_Flow.<init>(MD04_Draw_Flow.java:26)
	at Automation_Framework.ExcelTest.<init>(ExcelTest.java:27)
	at App_modules.MD04_Draw_Flow.<init>(MD04_Draw_Flow.java:26)
	at Automation_Framework.ExcelTest.<init>(ExcelTest.java:27)
]]>
    </error>
  </testcase> <!-- exceldata -->
</testsuite> <!-- App_modules.ExcelTest -->
