<?xml version="1.0" encoding="UTF-8"?>
<!-- Generated by org.testng.reporters.JUnitReportReporter -->
<testsuite hostname="Sushant.local" name="luckystars.On_boarding$ReadJsonObject" tests="1" failures="0" timestamp="8 Dec 2016 11:55:36 GMT" time="1.088" errors="0">
  <testcase name="aptTesting" time="1.088" classname="luckystars.On_boarding$ReadJsonObject"/>
</testsuite> <!-- luckystars.On_boarding$ReadJsonObject -->
