<?xml version="1.0" encoding="UTF-8"?>
<!-- Generated by org.testng.reporters.JUnitReportReporter -->
<testsuite hostname="Sushant.local" name="luckystars.TC0010_signin_leftmenu_winners" tests="2" failures="0" timestamp="3 Dec 2016 11:05:38 GMT" time="62.828" errors="0">
  <testcase name="Signin_success" time="52.054" classname="luckystars.TC0010_signin_leftmenu_winners"/>
  <testcase name="signin_leftmenu_winners" time="10.774" classname="luckystars.TC0010_signin_leftmenu_winners"/>
</testsuite> <!-- luckystars.TC0010_signin_leftmenu_winners -->
