<?xml version="1.0" encoding="UTF-8"?>
<!-- Generated by org.testng.reporters.JUnitReportReporter -->
<testsuite hostname="Sushant.local" name="luckystars.TC0013_Signup_changenumber" tests="1" failures="0" timestamp="3 Dec 2016 11:05:38 GMT" time="59.563" errors="0">
  <testcase name="Signup_changenumber" time="59.563" classname="luckystars.TC0013_Signup_changenumber"/>
</testsuite> <!-- luckystars.TC0013_Signup_changenumber -->
