<?xml version="1.0" encoding="UTF-8"?>
<!-- Generated by org.testng.reporters.JUnitReportReporter -->
<testsuite hostname="Sushant.local" name="luckystars.TC0007_signin_profile_gender" tests="2" failures="0" timestamp="3 Dec 2016 11:05:38 GMT" time="62.067" errors="0">
  <testcase name="signin_profile_gender" time="10.883" classname="luckystars.TC0007_signin_profile_gender"/>
  <testcase name="Signin_success" time="51.184" classname="luckystars.TC0007_signin_profile_gender"/>
</testsuite> <!-- luckystars.TC0007_signin_profile_gender -->
